<?xml version="1.0" encoding="UTF-8"?>
<testsuite name="seb15.roobits.RoobitsApplicationTests" tests="1" skipped="0" failures="0" errors="0" timestamp="2022-09-20T05:42:50" hostname="johyeonhwaui-MacBookPro.local" time="0.216">
  <properties/>
  <testcase name="contextLoads()" classname="seb15.roobits.RoobitsApplicationTests" time="0.216"/>
  <system-out><![CDATA[14:42:39.102 [Test worker] DEBUG org.springframework.test.context.BootstrapUtils - Instantiating CacheAwareContextLoaderDelegate from class [org.springframework.test.context.cache.DefaultCacheAwareContextLoaderDelegate]
14:42:39.128 [Test worker] DEBUG org.springframework.test.context.BootstrapUtils - Instantiating BootstrapContext using constructor [public org.springframework.test.context.support.DefaultBootstrapContext(java.lang.Class,org.springframework.test.context.CacheAwareContextLoaderDelegate)]
14:42:39.196 [Test worker] DEBUG org.springframework.test.context.BootstrapUtils - Instantiating TestContextBootstrapper for test class [seb15.roobits.RoobitsApplicationTests] from class [org.springframework.boot.test.context.SpringBootTestContextBootstrapper]
14:42:39.219 [Test worker] INFO org.springframework.boot.test.context.SpringBootTestContextBootstrapper - Neither @ContextConfiguration nor @ContextHierarchy found for test class [seb15.roobits.RoobitsApplicationTests], using SpringBootContextLoader
14:42:39.228 [Test worker] DEBUG org.springframework.test.context.support.AbstractContextLoader - Did not detect default resource location for test class [seb15.roobits.RoobitsApplicationTests]: class path resource [seb15/roobits/RoobitsApplicationTests-context.xml] does not exist
14:42:39.229 [Test worker] DEBUG org.springframework.test.context.support.AbstractContextLoader - Did not detect default resource location for test class [seb15.roobits.RoobitsApplicationTests]: class path resource [seb15/roobits/RoobitsApplicationTestsContext.groovy] does not exist
14:42:39.229 [Test worker] INFO org.springframework.test.context.support.AbstractContextLoader - Could not detect default resource locations for test class [seb15.roobits.RoobitsApplicationTests]: no resource found for suffixes {-context.xml, Context.groovy}.
14:42:39.230 [Test worker] INFO org.springframework.test.context.support.AnnotationConfigContextLoaderUtils - Could not detect default configuration classes for test class [seb15.roobits.RoobitsApplicationTests]: RoobitsApplicationTests does not declare any static, non-private, non-final, nested classes annotated with @Configuration.
14:42:39.329 [Test worker] DEBUG org.springframework.test.context.support.ActiveProfilesUtils - Could not find an 'annotation declaring class' for annotation type [org.springframework.test.context.ActiveProfiles] and class [seb15.roobits.RoobitsApplicationTests]
14:42:39.465 [Test worker] DEBUG org.springframework.context.annotation.ClassPathScanningCandidateComponentProvider - Identified candidate component class: file [/Users/tomatocho/seb39_main_015/server/build/classes/java/main/seb15/roobits/RoobitsApplication.class]
14:42:39.467 [Test worker] INFO org.springframework.boot.test.context.SpringBootTestContextBootstrapper - Found @SpringBootConfiguration seb15.roobits.RoobitsApplication for test class seb15.roobits.RoobitsApplicationTests
14:42:39.696 [Test worker] DEBUG org.springframework.boot.test.context.SpringBootTestContextBootstrapper - @TestExecutionListeners is not present for class [seb15.roobits.RoobitsApplicationTests]: using defaults.
14:42:39.697 [Test worker] INFO org.springframework.boot.test.context.SpringBootTestContextBootstrapper - Loaded default TestExecutionListener class names from location [META-INF/spring.factories]: [org.springframework.boot.test.autoconfigure.restdocs.RestDocsTestExecutionListener, org.springframework.boot.test.autoconfigure.web.client.MockRestServiceServerResetTestExecutionListener, org.springframework.boot.test.autoconfigure.web.servlet.MockMvcPrintOnlyOnFailureTestExecutionListener, org.springframework.boot.test.autoconfigure.web.servlet.WebDriverTestExecutionListener, org.springframework.boot.test.autoconfigure.webservices.client.MockWebServiceServerTestExecutionListener, org.springframework.boot.test.mock.mockito.MockitoTestExecutionListener, org.springframework.boot.test.mock.mockito.ResetMocksTestExecutionListener, org.springframework.test.context.web.ServletTestExecutionListener, org.springframework.test.context.support.DirtiesContextBeforeModesTestExecutionListener, org.springframework.test.context.event.ApplicationEventsTestExecutionListener, org.springframework.test.context.support.DependencyInjectionTestExecutionListener, org.springframework.test.context.support.DirtiesContextTestExecutionListener, org.springframework.test.context.transaction.TransactionalTestExecutionListener, org.springframework.test.context.jdbc.SqlScriptsTestExecutionListener, org.springframework.test.context.event.EventPublishingTestExecutionListener]
14:42:39.767 [Test worker] INFO org.springframework.boot.test.context.SpringBootTestContextBootstrapper - Using TestExecutionListeners: [org.springframework.test.context.web.ServletTestExecutionListener@51a06cbe, org.springframework.test.context.support.DirtiesContextBeforeModesTestExecutionListener@3dddbe65, org.springframework.test.context.event.ApplicationEventsTestExecutionListener@49a64d82, org.springframework.boot.test.mock.mockito.MockitoTestExecutionListener@344561e0, org.springframework.boot.test.autoconfigure.SpringBootDependencyInjectionTestExecutionListener@66d23e4a, org.springframework.test.context.support.DirtiesContextTestExecutionListener@36ac8a63, org.springframework.test.context.transaction.TransactionalTestExecutionListener@4d9d1b69, org.springframework.test.context.jdbc.SqlScriptsTestExecutionListener@52c8295b, org.springframework.test.context.event.EventPublishingTestExecutionListener@251f7d26, org.springframework.boot.test.autoconfigure.restdocs.RestDocsTestExecutionListener@77b21474, org.springframework.boot.test.autoconfigure.web.client.MockRestServiceServerResetTestExecutionListener@52d10fb8, org.springframework.boot.test.autoconfigure.web.servlet.MockMvcPrintOnlyOnFailureTestExecutionListener@41c07648, org.springframework.boot.test.autoconfigure.web.servlet.WebDriverTestExecutionListener@1fe8d51b, org.springframework.boot.test.autoconfigure.webservices.client.MockWebServiceServerTestExecutionListener@781e7326, org.springframework.boot.test.mock.mockito.ResetMocksTestExecutionListener@22680f52]
14:42:39.775 [Test worker] DEBUG org.springframework.test.context.support.AbstractDirtiesContextTestExecutionListener - Before test class: context [DefaultTestContext@69c43e48 testClass = RoobitsApplicationTests, testInstance = [null], testMethod = [null], testException = [null], mergedContextConfiguration = [WebMergedContextConfiguration@1804f60d testClass = RoobitsApplicationTests, locations = '{}', classes = '{class seb15.roobits.RoobitsApplication}', contextInitializerClasses = '[]', activeProfiles = '{}', propertySourceLocations = '{}', propertySourceProperties = '{org.springframework.boot.test.context.SpringBootTestContextBootstrapper=true}', contextCustomizers = set[org.springframework.boot.test.autoconfigure.actuate.metrics.MetricsExportContextCustomizerFactory$DisableMetricExportContextCustomizer@20f12539, org.springframework.boot.test.autoconfigure.properties.PropertyMappingContextCustomizer@0, org.springframework.boot.test.autoconfigure.web.servlet.WebDriverContextCustomizerFactory$Customizer@aa549e5, org.springframework.boot.test.context.filter.ExcludeFilterContextCustomizer@62e6b5c8, org.springframework.boot.test.json.DuplicateJsonObjectContextCustomizerFactory$DuplicateJsonObjectContextCustomizer@6aecbb8d, org.springframework.boot.test.mock.mockito.MockitoContextCustomizer@0, org.springframework.boot.test.web.client.TestRestTemplateContextCustomizer@52045dbe, org.springframework.boot.test.context.SpringBootTestArgs@1, org.springframework.boot.test.context.SpringBootTestWebEnvironment@9cb8225], resourceBasePath = 'src/main/webapp', contextLoader = 'org.springframework.boot.test.context.SpringBootContextLoader', parent = [null]], attributes = map['org.springframework.test.context.web.ServletTestExecutionListener.activateListener' -> true]], class annotated with @DirtiesContext [false] with mode [null].

  .   ____          _            __ _ _
 /\\ / ___'_ __ _ _(_)_ __  __ _ \ \ \ \
( ( )\___ | '_ | '_| | '_ \/ _` | \ \ \ \
 \\/  ___)| |_)| | | | | || (_| |  ) ) ) )
  '  |____| .__|_| |_|_| |_\__, | / / / /
 =========|_|==============|___/=/_/_/_/
 :: Spring Boot ::                (v2.7.3)

2022-09-20 14:42:40.626  INFO 3001 --- [    Test worker] seb15.roobits.RoobitsApplicationTests    : Starting RoobitsApplicationTests using Java 11.0.15 on johyeonhwaui-MacBookPro.local with PID 3001 (started by tomatocho in /Users/tomatocho/seb39_main_015/server)
2022-09-20 14:42:40.630  INFO 3001 --- [    Test worker] seb15.roobits.RoobitsApplicationTests    : No active profile set, falling back to 1 default profile: "default"
2022-09-20 14:42:42.336  INFO 3001 --- [    Test worker] .s.d.r.c.RepositoryConfigurationDelegate : Bootstrapping Spring Data JPA repositories in DEFAULT mode.
2022-09-20 14:42:42.462  INFO 3001 --- [    Test worker] .s.d.r.c.RepositoryConfigurationDelegate : Finished Spring Data repository scanning in 108 ms. Found 3 JPA repository interfaces.
2022-09-20 14:42:43.690  INFO 3001 --- [    Test worker] o.hibernate.jpa.internal.util.LogHelper  : HHH000204: Processing PersistenceUnitInfo [name: default]
2022-09-20 14:42:43.832  INFO 3001 --- [    Test worker] org.hibernate.Version                    : HHH000412: Hibernate ORM core version 5.6.10.Final
2022-09-20 14:42:44.262  INFO 3001 --- [    Test worker] o.hibernate.annotations.common.Version   : HCANN000001: Hibernate Commons Annotations {5.1.2.Final}
2022-09-20 14:42:44.478  INFO 3001 --- [    Test worker] com.zaxxer.hikari.HikariDataSource       : HikariPool-1 - Starting...
2022-09-20 14:42:44.955  INFO 3001 --- [    Test worker] com.zaxxer.hikari.HikariDataSource       : HikariPool-1 - Start completed.
2022-09-20 14:42:45.037  INFO 3001 --- [    Test worker] org.hibernate.dialect.Dialect            : HHH000400: Using dialect: org.hibernate.dialect.H2Dialect
Hibernate: drop table if exists member CASCADE 
Hibernate: drop table if exists roobits CASCADE 
Hibernate: drop table if exists room CASCADE 
Hibernate: create table member (member_id bigint generated by default as identity, created_at timestamp, last_modified_at timestamp, email varchar(255) not null, password varchar(255) not null, provider varchar(255), provider_id varchar(255), roles varchar(255), room_name varchar(255), room_password varchar(255), username varchar(15) not null, primary key (member_id))
Hibernate: create table roobits (roobit_id bigint generated by default as identity, created_at timestamp, last_modified_at timestamp, body TEXT not null, email varchar(20), nickname varchar(10) not null, reception varchar(10) not null, roobit_status varchar(255), style varchar(2) not null, room_id bigint, primary key (roobit_id))
Hibernate: create table room (room_id bigint generated by default as identity, d_day timestamp, password varchar(20), patch_count integer default 0 not null, roobit_amount bigint check (roobit_amount>=1 AND roobit_amount<=300), room_name varchar(255) check (room_name>=3 AND room_name<=20), room_theme bigint, view_count integer default 0 not null, weather varchar(255), member_id bigint, primary key (room_id))
Hibernate: alter table member add constraint UK_gc3jmn7c2abyo3wf6syln5t2i unique (username)
Hibernate: alter table room add constraint UK_2tklvare2e5touoeqsdgdsdgm unique (room_name)
Hibernate: alter table roobits add constraint FKtiqao76cd9onu7vkr0dvoj4sm foreign key (room_id) references room
Hibernate: alter table room add constraint FKrmk1soyq1qt0lvkqhk41qa7aj foreign key (member_id) references member
2022-09-20 14:42:47.015  INFO 3001 --- [    Test worker] o.h.e.t.j.p.i.JtaPlatformInitiator       : HHH000490: Using JtaPlatform implementation: [org.hibernate.engine.transaction.jta.platform.internal.NoJtaPlatform]
2022-09-20 14:42:47.037  INFO 3001 --- [    Test worker] j.LocalContainerEntityManagerFactoryBean : Initialized JPA EntityManagerFactory for persistence unit 'default'
2022-09-20 14:42:48.864  INFO 3001 --- [    Test worker] o.s.s.web.DefaultSecurityFilterChain     : Will secure any request with [org.springframework.security.web.session.DisableEncodeUrlFilter@3bdc8975, org.springframework.security.web.context.request.async.WebAsyncManagerIntegrationFilter@27ea552d, org.springframework.security.web.context.SecurityContextPersistenceFilter@74070994, org.springframework.security.web.header.HeaderWriterFilter@4babe06f, org.springframework.web.filter.CorsFilter@693ed09d, org.springframework.security.web.authentication.logout.LogoutFilter@3f04fb07, org.springframework.security.oauth2.client.web.OAuth2AuthorizationRequestRedirectFilter@30d2f9ea, org.springframework.security.oauth2.client.web.OAuth2LoginAuthenticationFilter@508abc74, org.springframework.security.web.authentication.UsernamePasswordAuthenticationFilter@267e0ca0, org.springframework.security.web.savedrequest.RequestCacheAwareFilter@49c555c3, org.springframework.security.web.servletapi.SecurityContextHolderAwareRequestFilter@542aec6, org.springframework.security.web.authentication.AnonymousAuthenticationFilter@7a57c5d9, org.springframework.security.web.session.SessionManagementFilter@28796d0e, org.springframework.security.web.access.ExceptionTranslationFilter@613ba54e, org.springframework.security.web.access.intercept.FilterSecurityInterceptor@47800bd7]
2022-09-20 14:42:49.355  WARN 3001 --- [    Test worker] JpaBaseConfiguration$JpaWebConfiguration : spring.jpa.open-in-view is enabled by default. Therefore, database queries may be performed during view rendering. Explicitly configure spring.jpa.open-in-view to disable this warning
2022-09-20 14:42:49.973  INFO 3001 --- [    Test worker] o.s.b.a.h2.H2ConsoleAutoConfiguration    : H2 console available at '/h2'. Database available at 'jdbc:h2:mem:test'
2022-09-20 14:42:50.602  INFO 3001 --- [    Test worker] seb15.roobits.RoobitsApplicationTests    : Started RoobitsApplicationTests in 10.743 seconds (JVM running for 13.298)
]]></system-out>
  <system-err><![CDATA[]]></system-err>
</testsuite>
